Flow report for integration
Tue Oct 14 16:28:01 2014
Quartus II 64-Bit Version 13.0.1 Build 232 06/12/2013 Service Pack 1 SJ Web Edition


---------------------
; Table of Contents ;
---------------------
  1. Legal Notice
  2. Flow Summary
  3. Flow Settings
  4. Flow Non-Default Global Settings
  5. Flow Elapsed Time
  6. Flow OS Summary
  7. Flow Log
  8. Flow Messages
  9. Flow Suppressed Messages



----------------
; Legal Notice ;
----------------
Copyright (C) 1991-2013 Altera Corporation
Your use of Altera Corporation's design tools, logic functions 
and other software and tools, and its AMPP partner logic 
functions, and any output files from any of the foregoing 
(including device programming or simulation files), and any 
associated documentation or information are expressly subject 
to the terms and conditions of the Altera Program License 
Subscription Agreement, Altera MegaCore Function License 
Agreement, or other applicable license agreement, including, 
without limitation, that your use is for the sole purpose of 
programming logic devices manufactured by Altera and sold by 
Altera or its authorized distributors.  Please refer to the 
applicable agreement for further details.



+--------------------------------------------------------------------------------------+
; Flow Summary                                                                         ;
+------------------------------------+-------------------------------------------------+
; Flow Status                        ; Successful - Tue Oct 14 16:27:54 2014           ;
; Quartus II 64-Bit Version          ; 13.0.1 Build 232 06/12/2013 SP 1 SJ Web Edition ;
; Revision Name                      ; integration                                     ;
; Top-level Entity Name              ; integration                                     ;
; Family                             ; Cyclone II                                      ;
; Device                             ; EP2C35F672C6                                    ;
; Timing Models                      ; Final                                           ;
; Total logic elements               ; 8,718 / 33,216 ( 26 % )                         ;
;     Total combinational functions  ; 7,862 / 33,216 ( 24 % )                         ;
;     Dedicated logic registers      ; 5,505 / 33,216 ( 17 % )                         ;
; Total registers                    ; 5573                                            ;
; Total pins                         ; 148 / 475 ( 31 % )                              ;
; Total virtual pins                 ; 0                                               ;
; Total memory bits                  ; 200,192 / 483,840 ( 41 % )                      ;
; Embedded Multiplier 9-bit elements ; 4 / 70 ( 6 % )                                  ;
; Total PLLs                         ; 2 / 4 ( 50 % )                                  ;
+------------------------------------+-------------------------------------------------+


+-----------------------------------------+
; Flow Settings                           ;
+-------------------+---------------------+
; Option            ; Setting             ;
+-------------------+---------------------+
; Start date & time ; 10/14/2014 16:25:10 ;
; Main task         ; Compilation         ;
; Revision Name     ; integration         ;
+-------------------+---------------------+


+-------------------------------------------------------------------------------------------------------------------------------------------------------------------------------------------+
; Flow Non-Default Global Settings                                                                                                                                                          ;
+-------------------------------------+----------------------------------------------------------------------------+---------------+---------------------------------------+----------------+
; Assignment Name                     ; Value                                                                      ; Default Value ; Entity Name                           ; Section Id     ;
+-------------------------------------+----------------------------------------------------------------------------+---------------+---------------------------------------+----------------+
; COMPILER_SIGNATURE_ID               ; 178845881850165.141332910804180                                            ; --            ; --                                    ; --             ;
; EDA_OUTPUT_DATA_FORMAT              ; None                                                                       ; --            ; --                                    ; eda_simulation ;
; IP_TOOL_ENV                         ; Qsys                                                                       ; --            ; altera_avalon_sc_fifo                 ; --             ;
; IP_TOOL_ENV                         ; Qsys                                                                       ; --            ; altera_merlin_burst_adapter           ; --             ;
; IP_TOOL_ENV                         ; Qsys                                                                       ; --            ; altera_merlin_master_agent            ; --             ;
; IP_TOOL_ENV                         ; Qsys                                                                       ; --            ; altera_merlin_master_translator       ; --             ;
; IP_TOOL_ENV                         ; Qsys                                                                       ; --            ; altera_merlin_slave_agent             ; --             ;
; IP_TOOL_ENV                         ; Qsys                                                                       ; --            ; altera_merlin_slave_translator        ; --             ;
; IP_TOOL_ENV                         ; Qsys                                                                       ; --            ; altera_merlin_traffic_limiter         ; --             ;
; IP_TOOL_ENV                         ; Qsys                                                                       ; --            ; altera_merlin_width_adapter           ; --             ;
; IP_TOOL_ENV                         ; Qsys                                                                       ; --            ; altera_reset_controller               ; --             ;
; IP_TOOL_ENV                         ; Qsys                                                                       ; --            ; integrated_module1                    ; --             ;
; IP_TOOL_ENV                         ; Qsys                                                                       ; --            ; integrated_module1_LEDs               ; --             ;
; IP_TOOL_ENV                         ; Qsys                                                                       ; --            ; integrated_module1_addr_router        ; --             ;
; IP_TOOL_ENV                         ; Qsys                                                                       ; --            ; integrated_module1_addr_router_001    ; --             ;
; IP_TOOL_ENV                         ; Qsys                                                                       ; --            ; integrated_module1_addr_router_002    ; --             ;
; IP_TOOL_ENV                         ; Qsys                                                                       ; --            ; integrated_module1_cmd_xbar_demux     ; --             ;
; IP_TOOL_ENV                         ; Qsys                                                                       ; --            ; integrated_module1_cmd_xbar_demux_001 ; --             ;
; IP_TOOL_ENV                         ; Qsys                                                                       ; --            ; integrated_module1_cmd_xbar_demux_002 ; --             ;
; IP_TOOL_ENV                         ; Qsys                                                                       ; --            ; integrated_module1_cmd_xbar_mux       ; --             ;
; IP_TOOL_ENV                         ; Qsys                                                                       ; --            ; integrated_module1_cmd_xbar_mux_002   ; --             ;
; IP_TOOL_ENV                         ; Qsys                                                                       ; --            ; integrated_module1_cmd_xbar_mux_005   ; --             ;
; IP_TOOL_ENV                         ; Qsys                                                                       ; --            ; integrated_module1_id_router          ; --             ;
; IP_TOOL_ENV                         ; Qsys                                                                       ; --            ; integrated_module1_id_router_002      ; --             ;
; IP_TOOL_ENV                         ; Qsys                                                                       ; --            ; integrated_module1_id_router_004      ; --             ;
; IP_TOOL_ENV                         ; Qsys                                                                       ; --            ; integrated_module1_id_router_005      ; --             ;
; IP_TOOL_ENV                         ; Qsys                                                                       ; --            ; integrated_module1_id_router_008      ; --             ;
; IP_TOOL_ENV                         ; Qsys                                                                       ; --            ; integrated_module1_irq_mapper         ; --             ;
; IP_TOOL_ENV                         ; Qsys                                                                       ; --            ; integrated_module1_jtag_uart_0        ; --             ;
; IP_TOOL_ENV                         ; Qsys                                                                       ; --            ; integrated_module1_nios2_qsys_0       ; --             ;
; IP_TOOL_ENV                         ; Qsys                                                                       ; --            ; integrated_module1_onchip_memory2_0   ; --             ;
; IP_TOOL_ENV                         ; Qsys                                                                       ; --            ; integrated_module1_rsp_xbar_demux     ; --             ;
; IP_TOOL_ENV                         ; Qsys                                                                       ; --            ; integrated_module1_rsp_xbar_demux_002 ; --             ;
; IP_TOOL_ENV                         ; Qsys                                                                       ; --            ; integrated_module1_rsp_xbar_demux_004 ; --             ;
; IP_TOOL_ENV                         ; Qsys                                                                       ; --            ; integrated_module1_rsp_xbar_demux_005 ; --             ;
; IP_TOOL_ENV                         ; Qsys                                                                       ; --            ; integrated_module1_rsp_xbar_demux_008 ; --             ;
; IP_TOOL_ENV                         ; Qsys                                                                       ; --            ; integrated_module1_rsp_xbar_mux       ; --             ;
; IP_TOOL_ENV                         ; Qsys                                                                       ; --            ; integrated_module1_rsp_xbar_mux_001   ; --             ;
; IP_TOOL_ENV                         ; Qsys                                                                       ; --            ; integrated_module1_sdram              ; --             ;
; IP_TOOL_ENV                         ; Qsys                                                                       ; --            ; integrated_module1_switches           ; --             ;
; IP_TOOL_ENV                         ; Qsys                                                                       ; --            ; integrated_module1_timer_0            ; --             ;
; IP_TOOL_NAME                        ; RAM: 2-PORT                                                                ; --            ; --                                    ; --             ;
; IP_TOOL_NAME                        ; altera_avalon_sc_fifo                                                      ; --            ; altera_avalon_sc_fifo                 ; --             ;
; IP_TOOL_NAME                        ; altera_merlin_burst_adapter                                                ; --            ; altera_merlin_burst_adapter           ; --             ;
; IP_TOOL_NAME                        ; altera_merlin_master_agent                                                 ; --            ; altera_merlin_master_agent            ; --             ;
; IP_TOOL_NAME                        ; altera_merlin_master_translator                                            ; --            ; altera_merlin_master_translator       ; --             ;
; IP_TOOL_NAME                        ; altera_merlin_slave_agent                                                  ; --            ; altera_merlin_slave_agent             ; --             ;
; IP_TOOL_NAME                        ; altera_merlin_slave_translator                                             ; --            ; altera_merlin_slave_translator        ; --             ;
; IP_TOOL_NAME                        ; altera_merlin_traffic_limiter                                              ; --            ; altera_merlin_traffic_limiter         ; --             ;
; IP_TOOL_NAME                        ; altera_merlin_width_adapter                                                ; --            ; altera_merlin_width_adapter           ; --             ;
; IP_TOOL_NAME                        ; altera_reset_controller                                                    ; --            ; altera_reset_controller               ; --             ;
; IP_TOOL_NAME                        ; Qsys                                                                       ; --            ; integrated_module1                    ; --             ;
; IP_TOOL_NAME                        ; altera_avalon_pio                                                          ; --            ; integrated_module1_LEDs               ; --             ;
; IP_TOOL_NAME                        ; altera_merlin_router                                                       ; --            ; integrated_module1_addr_router        ; --             ;
; IP_TOOL_NAME                        ; altera_merlin_router                                                       ; --            ; integrated_module1_addr_router_001    ; --             ;
; IP_TOOL_NAME                        ; altera_merlin_router                                                       ; --            ; integrated_module1_addr_router_002    ; --             ;
; IP_TOOL_NAME                        ; altera_merlin_demultiplexer                                                ; --            ; integrated_module1_cmd_xbar_demux     ; --             ;
; IP_TOOL_NAME                        ; altera_merlin_demultiplexer                                                ; --            ; integrated_module1_cmd_xbar_demux_001 ; --             ;
; IP_TOOL_NAME                        ; altera_merlin_demultiplexer                                                ; --            ; integrated_module1_cmd_xbar_demux_002 ; --             ;
; IP_TOOL_NAME                        ; altera_merlin_multiplexer                                                  ; --            ; integrated_module1_cmd_xbar_mux       ; --             ;
; IP_TOOL_NAME                        ; altera_merlin_multiplexer                                                  ; --            ; integrated_module1_cmd_xbar_mux_002   ; --             ;
; IP_TOOL_NAME                        ; altera_merlin_multiplexer                                                  ; --            ; integrated_module1_cmd_xbar_mux_005   ; --             ;
; IP_TOOL_NAME                        ; altera_merlin_router                                                       ; --            ; integrated_module1_id_router          ; --             ;
; IP_TOOL_NAME                        ; altera_merlin_router                                                       ; --            ; integrated_module1_id_router_002      ; --             ;
; IP_TOOL_NAME                        ; altera_merlin_router                                                       ; --            ; integrated_module1_id_router_004      ; --             ;
; IP_TOOL_NAME                        ; altera_merlin_router                                                       ; --            ; integrated_module1_id_router_005      ; --             ;
; IP_TOOL_NAME                        ; altera_merlin_router                                                       ; --            ; integrated_module1_id_router_008      ; --             ;
; IP_TOOL_NAME                        ; altera_irq_mapper                                                          ; --            ; integrated_module1_irq_mapper         ; --             ;
; IP_TOOL_NAME                        ; altera_avalon_jtag_uart                                                    ; --            ; integrated_module1_jtag_uart_0        ; --             ;
; IP_TOOL_NAME                        ; altera_nios2_qsys                                                          ; --            ; integrated_module1_nios2_qsys_0       ; --             ;
; IP_TOOL_NAME                        ; altera_avalon_onchip_memory2                                               ; --            ; integrated_module1_onchip_memory2_0   ; --             ;
; IP_TOOL_NAME                        ; altera_merlin_demultiplexer                                                ; --            ; integrated_module1_rsp_xbar_demux     ; --             ;
; IP_TOOL_NAME                        ; altera_merlin_demultiplexer                                                ; --            ; integrated_module1_rsp_xbar_demux_002 ; --             ;
; IP_TOOL_NAME                        ; altera_merlin_demultiplexer                                                ; --            ; integrated_module1_rsp_xbar_demux_004 ; --             ;
; IP_TOOL_NAME                        ; altera_merlin_demultiplexer                                                ; --            ; integrated_module1_rsp_xbar_demux_005 ; --             ;
; IP_TOOL_NAME                        ; altera_merlin_demultiplexer                                                ; --            ; integrated_module1_rsp_xbar_demux_008 ; --             ;
; IP_TOOL_NAME                        ; altera_merlin_multiplexer                                                  ; --            ; integrated_module1_rsp_xbar_mux       ; --             ;
; IP_TOOL_NAME                        ; altera_merlin_multiplexer                                                  ; --            ; integrated_module1_rsp_xbar_mux_001   ; --             ;
; IP_TOOL_NAME                        ; altera_avalon_new_sdram_controller                                         ; --            ; integrated_module1_sdram              ; --             ;
; IP_TOOL_NAME                        ; altera_avalon_pio                                                          ; --            ; integrated_module1_switches           ; --             ;
; IP_TOOL_NAME                        ; altera_avalon_timer                                                        ; --            ; integrated_module1_timer_0            ; --             ;
; IP_TOOL_VERSION                     ; 8.0                                                                        ; --            ; --                                    ; --             ;
; IP_TOOL_VERSION                     ; 13.0                                                                       ; --            ; altera_avalon_sc_fifo                 ; --             ;
; IP_TOOL_VERSION                     ; 13.0                                                                       ; --            ; altera_merlin_burst_adapter           ; --             ;
; IP_TOOL_VERSION                     ; 13.0                                                                       ; --            ; altera_merlin_master_agent            ; --             ;
; IP_TOOL_VERSION                     ; 13.0                                                                       ; --            ; altera_merlin_master_translator       ; --             ;
; IP_TOOL_VERSION                     ; 13.0                                                                       ; --            ; altera_merlin_slave_agent             ; --             ;
; IP_TOOL_VERSION                     ; 13.0                                                                       ; --            ; altera_merlin_slave_translator        ; --             ;
; IP_TOOL_VERSION                     ; 13.0                                                                       ; --            ; altera_merlin_traffic_limiter         ; --             ;
; IP_TOOL_VERSION                     ; 13.0                                                                       ; --            ; altera_merlin_width_adapter           ; --             ;
; IP_TOOL_VERSION                     ; 13.0                                                                       ; --            ; altera_reset_controller               ; --             ;
; IP_TOOL_VERSION                     ; 13.0sp1                                                                    ; --            ; integrated_module1                    ; --             ;
; IP_TOOL_VERSION                     ; 13.0.1.99.2                                                                ; --            ; integrated_module1_LEDs               ; --             ;
; IP_TOOL_VERSION                     ; 13.0                                                                       ; --            ; integrated_module1_addr_router        ; --             ;
; IP_TOOL_VERSION                     ; 13.0                                                                       ; --            ; integrated_module1_addr_router_001    ; --             ;
; IP_TOOL_VERSION                     ; 13.0                                                                       ; --            ; integrated_module1_addr_router_002    ; --             ;
; IP_TOOL_VERSION                     ; 13.0                                                                       ; --            ; integrated_module1_cmd_xbar_demux     ; --             ;
; IP_TOOL_VERSION                     ; 13.0                                                                       ; --            ; integrated_module1_cmd_xbar_demux_001 ; --             ;
; IP_TOOL_VERSION                     ; 13.0                                                                       ; --            ; integrated_module1_cmd_xbar_demux_002 ; --             ;
; IP_TOOL_VERSION                     ; 13.0                                                                       ; --            ; integrated_module1_cmd_xbar_mux       ; --             ;
; IP_TOOL_VERSION                     ; 13.0                                                                       ; --            ; integrated_module1_cmd_xbar_mux_002   ; --             ;
; IP_TOOL_VERSION                     ; 13.0                                                                       ; --            ; integrated_module1_cmd_xbar_mux_005   ; --             ;
; IP_TOOL_VERSION                     ; 13.0                                                                       ; --            ; integrated_module1_id_router          ; --             ;
; IP_TOOL_VERSION                     ; 13.0                                                                       ; --            ; integrated_module1_id_router_002      ; --             ;
; IP_TOOL_VERSION                     ; 13.0                                                                       ; --            ; integrated_module1_id_router_004      ; --             ;
; IP_TOOL_VERSION                     ; 13.0                                                                       ; --            ; integrated_module1_id_router_005      ; --             ;
; IP_TOOL_VERSION                     ; 13.0                                                                       ; --            ; integrated_module1_id_router_008      ; --             ;
; IP_TOOL_VERSION                     ; 13.0                                                                       ; --            ; integrated_module1_irq_mapper         ; --             ;
; IP_TOOL_VERSION                     ; 13.0.1.99.2                                                                ; --            ; integrated_module1_jtag_uart_0        ; --             ;
; IP_TOOL_VERSION                     ; 13.0                                                                       ; --            ; integrated_module1_nios2_qsys_0       ; --             ;
; IP_TOOL_VERSION                     ; 13.0.1.99.2                                                                ; --            ; integrated_module1_onchip_memory2_0   ; --             ;
; IP_TOOL_VERSION                     ; 13.0                                                                       ; --            ; integrated_module1_rsp_xbar_demux     ; --             ;
; IP_TOOL_VERSION                     ; 13.0                                                                       ; --            ; integrated_module1_rsp_xbar_demux_002 ; --             ;
; IP_TOOL_VERSION                     ; 13.0                                                                       ; --            ; integrated_module1_rsp_xbar_demux_004 ; --             ;
; IP_TOOL_VERSION                     ; 13.0                                                                       ; --            ; integrated_module1_rsp_xbar_demux_005 ; --             ;
; IP_TOOL_VERSION                     ; 13.0                                                                       ; --            ; integrated_module1_rsp_xbar_demux_008 ; --             ;
; IP_TOOL_VERSION                     ; 13.0                                                                       ; --            ; integrated_module1_rsp_xbar_mux       ; --             ;
; IP_TOOL_VERSION                     ; 13.0                                                                       ; --            ; integrated_module1_rsp_xbar_mux_001   ; --             ;
; IP_TOOL_VERSION                     ; 13.0.1.99.2                                                                ; --            ; integrated_module1_sdram              ; --             ;
; IP_TOOL_VERSION                     ; 13.0.1.99.2                                                                ; --            ; integrated_module1_switches           ; --             ;
; IP_TOOL_VERSION                     ; 13.0.1.99.2                                                                ; --            ; integrated_module1_timer_0            ; --             ;
; MAX_CORE_JUNCTION_TEMP              ; 85                                                                         ; --            ; --                                    ; --             ;
; MIN_CORE_JUNCTION_TEMP              ; 0                                                                          ; --            ; --                                    ; --             ;
; MISC_FILE                           ; integrated_module1/synthesis/../../integrated_module1.cmp                  ; --            ; --                                    ; --             ;
; MISC_FILE                           ; integrated_module1/synthesis/../../integrated_module1.qsys                 ; --            ; --                                    ; --             ;
; MISC_FILE                           ; integrated_module1/synthesis/submodules/Altera_UP_SD_Card_Memory_Block.bsf ; --            ; --                                    ; --             ;
; MISC_FILE                           ; integrated_module1/synthesis/submodules/Altera_UP_SD_Card_Memory_Block.cmp ; --            ; --                                    ; --             ;
; PARTITION_COLOR                     ; 16764057                                                                   ; --            ; --                                    ; Top            ;
; PARTITION_FITTER_PRESERVATION_LEVEL ; PLACEMENT_AND_ROUTING                                                      ; --            ; --                                    ; Top            ;
; PARTITION_NETLIST_TYPE              ; SOURCE                                                                     ; --            ; --                                    ; Top            ;
; POWER_BOARD_THERMAL_MODEL           ; None (CONSERVATIVE)                                                        ; --            ; --                                    ; --             ;
; POWER_PRESET_COOLING_SOLUTION       ; 23 MM HEAT SINK WITH 200 LFPM AIRFLOW                                      ; --            ; --                                    ; --             ;
; PROJECT_OUTPUT_DIRECTORY            ; output_files                                                               ; --            ; --                                    ; --             ;
; SLD_INFO                            ; QSYS_NAME integrated_module1 HAS_SOPCINFO 1 GENERATION_ID 1413328112       ; --            ; integrated_module1                    ; --             ;
; SOPCINFO_FILE                       ; integrated_module1/synthesis/../../integrated_module1.sopcinfo             ; --            ; --                                    ; --             ;
; SYNTHESIS_ONLY_QIP                  ; On                                                                         ; --            ; --                                    ; --             ;
+-------------------------------------+----------------------------------------------------------------------------+---------------+---------------------------------------+----------------+


+-------------------------------------------------------------------------------------------------------------------------------+
; Flow Elapsed Time                                                                                                             ;
+---------------------------+--------------+-------------------------+---------------------+------------------------------------+
; Module Name               ; Elapsed Time ; Average Processors Used ; Peak Virtual Memory ; Total CPU Time (on all processors) ;
+---------------------------+--------------+-------------------------+---------------------+------------------------------------+
; Analysis & Synthesis      ; 00:01:15     ; 1.0                     ; 767 MB              ; 00:01:14                           ;
; Fitter                    ; 00:01:13     ; 1.0                     ; 812 MB              ; 00:01:11                           ;
; Assembler                 ; 00:00:04     ; 1.0                     ; 463 MB              ; 00:00:04                           ;
; TimeQuest Timing Analyzer ; 00:00:06     ; 1.0                     ; 536 MB              ; 00:00:05                           ;
; Total                     ; 00:02:38     ; --                      ; --                  ; 00:02:34                           ;
+---------------------------+--------------+-------------------------+---------------------+------------------------------------+


+----------------------------------------------------------------------------------------+
; Flow OS Summary                                                                        ;
+---------------------------+------------------+-----------+------------+----------------+
; Module Name               ; Machine Hostname ; OS Name   ; OS Version ; Processor type ;
+---------------------------+------------------+-----------+------------+----------------+
; Analysis & Synthesis      ; Bat-PC           ; Windows 7 ; 6.1        ; x86_64         ;
; Fitter                    ; Bat-PC           ; Windows 7 ; 6.1        ; x86_64         ;
; Assembler                 ; Bat-PC           ; Windows 7 ; 6.1        ; x86_64         ;
; TimeQuest Timing Analyzer ; Bat-PC           ; Windows 7 ; 6.1        ; x86_64         ;
+---------------------------+------------------+-----------+------------+----------------+


------------
; Flow Log ;
------------
quartus_map --read_settings_files=on --write_settings_files=off integration -c integration
quartus_fit --read_settings_files=off --write_settings_files=off integration -c integration
quartus_asm --read_settings_files=off --write_settings_files=off integration -c integration
quartus_sta integration -c integration



