Info: Starting: Create block symbol file (.bsf)
Info: ip-generate --project-directory="C:/Users/Kaibo Ma/Documents/GitHub/EECE381Module1/module1_integration/" --output-directory="C:/Users/Kaibo Ma/Documents/GitHub/EECE381Module1/module1_integration/integrated_module1/" --report-file="bsf:C:/Users/Kaibo Ma/Documents/GitHub/EECE381Module1/module1_integration/integrated_module1.bsf" --system-info=DEVICE_FAMILY="Cyclone II" --system-info=DEVICE=EP2C35F672C6 --system-info=DEVICE_SPEEDGRADE=6 --component-file="C:/Users/Kaibo Ma/Documents/GitHub/EECE381Module1/module1_integration/integrated_module1.qsys"
Progress: Loading module1_integration/integrated_module1.qsys
Progress: Reading input file
Progress: Adding clk_0 [clock_source 13.0]
Progress: Parameterizing module clk_0
Progress: Adding nios2_qsys_0 [altera_nios2_qsys 13.0]
Progress: Parameterizing module nios2_qsys_0
Progress: Adding onchip_memory2_0 [altera_avalon_onchip_memory2 13.0.1.99.2]
Progress: Parameterizing module onchip_memory2_0
Progress: Adding jtag_uart_0 [altera_avalon_jtag_uart 13.0.1.99.2]
Progress: Parameterizing module jtag_uart_0
Progress: Adding sdram [altera_avalon_new_sdram_controller 13.0.1.99.2]
Progress: Parameterizing module sdram
Progress: Adding clocks [altera_up_clocks 13.0]
Progress: Parameterizing module clocks
Progress: Adding pixel_buffer [altera_up_avalon_sram 13.0]
Progress: Parameterizing module pixel_buffer
Progress: Adding buffer_dma [altera_up_avalon_video_pixel_buffer_dma 13.0]
Progress: Parameterizing module buffer_dma
Progress: Adding RGB_resampler [altera_up_avalon_video_rgb_resampler 13.0]
Progress: Parameterizing module RGB_resampler
Progress: Adding scaler [altera_up_avalon_video_scaler 13.0]
Progress: Parameterizing module scaler
Progress: Adding dual_clock_video_FIFO [altera_up_avalon_video_dual_clock_buffer 13.0]
Progress: Parameterizing module dual_clock_video_FIFO
Progress: Adding VGA_Controller [altera_up_avalon_video_vga_controller 13.0]
Progress: Parameterizing module VGA_Controller
Progress: Adding pixel_drawer_0 [pixel_drawer 1.0]
Progress: Parameterizing module pixel_drawer_0
Progress: Adding video_character_buffer_with_dma_0 [altera_up_avalon_video_character_buffer_with_dma 13.0]
Progress: Parameterizing module video_character_buffer_with_dma_0
Progress: Adding video_alpha_blender_0 [altera_up_avalon_video_alpha_blender 13.0]
Progress: Parameterizing module video_alpha_blender_0
Progress: Adding switches [altera_avalon_pio 13.0.1.99.2]
Progress: Parameterizing module switches
Progress: Adding LEDs [altera_avalon_pio 13.0.1.99.2]
Progress: Parameterizing module LEDs
Progress: Adding timer_0 [altera_avalon_timer 13.0.1.99.2]
Progress: Parameterizing module timer_0
Progress: Adding parallel_port_0 [altera_up_avalon_parallel_port 13.0]
Progress: Parameterizing module parallel_port_0
Progress: Adding Altera_UP_SD_Card_Avalon_Interface_0 [Altera_UP_SD_Card_Avalon_Interface 13.0]
Progress: Parameterizing module Altera_UP_SD_Card_Avalon_Interface_0
Progress: Adding ps2_0 [altera_up_avalon_ps2 13.0]
Progress: Parameterizing module ps2_0
Progress: Adding audio_and_video_config_0 [altera_up_avalon_audio_and_video_config 13.0]
Progress: Parameterizing module audio_and_video_config_0
Progress: Adding audio_0 [altera_up_avalon_audio 13.0]
Progress: Parameterizing module audio_0
Progress: Building connections
Progress: Parameterizing connections
Progress: Validating
Progress: Done reading input file
Info: integrated_module1.RGB_resampler: RGB Resampling: 16 (bits) x 1 (planes) -> 10 (bits) x 3 (planes)
Info: integrated_module1.scaler: Change in Resolution: 320 x 240 -> 640 x 480
Info: integrated_module1.VGA_Controller: Video Output Stream: Format: 640 x 480 with Color: 10 (bits) x 3 (planes)
Info: integrated_module1.video_character_buffer_with_dma_0: Character Resolution: 80 x 60
Info: integrated_module1.switches: PIO inputs are not hardwired in test bench. Undefined values will be read from PIO inputs during simulation.
Info: ip-generate succeeded.
Info: Finished: Create block symbol file (.bsf)
Info: 
Info: Starting: Create HDL design files for synthesis
Info: ip-generate --project-directory="C:/Users/Kaibo Ma/Documents/GitHub/EECE381Module1/module1_integration/" --output-directory="C:/Users/Kaibo Ma/Documents/GitHub/EECE381Module1/module1_integration/integrated_module1/synthesis/" --file-set=QUARTUS_SYNTH --report-file="sopcinfo:C:/Users/Kaibo Ma/Documents/GitHub/EECE381Module1/module1_integration/integrated_module1.sopcinfo" --report-file="html:C:/Users/Kaibo Ma/Documents/GitHub/EECE381Module1/module1_integration/integrated_module1.html" --report-file="qip:C:/Users/Kaibo Ma/Documents/GitHub/EECE381Module1/module1_integration/integrated_module1/synthesis/integrated_module1.qip" --report-file="cmp:C:/Users/Kaibo Ma/Documents/GitHub/EECE381Module1/module1_integration/integrated_module1.cmp" --report-file=svd --system-info=DEVICE_FAMILY="Cyclone II" --system-info=DEVICE=EP2C35F672C6 --system-info=DEVICE_SPEEDGRADE=6 --component-file="C:/Users/Kaibo Ma/Documents/GitHub/EECE381Module1/module1_integration/integrated_module1.qsys" --language=VERILOG
Progress: Loading module1_integration/integrated_module1.qsys
Progress: Reading input file
Progress: Adding clk_0 [clock_source 13.0]
Progress: Parameterizing module clk_0
Progress: Adding nios2_qsys_0 [altera_nios2_qsys 13.0]
Progress: Parameterizing module nios2_qsys_0
Progress: Adding onchip_memory2_0 [altera_avalon_onchip_memory2 13.0.1.99.2]
Progress: Parameterizing module onchip_memory2_0
Progress: Adding jtag_uart_0 [altera_avalon_jtag_uart 13.0.1.99.2]
Progress: Parameterizing module jtag_uart_0
Progress: Adding sdram [altera_avalon_new_sdram_controller 13.0.1.99.2]
Progress: Parameterizing module sdram
Progress: Adding clocks [altera_up_clocks 13.0]
Progress: Parameterizing module clocks
Progress: Adding pixel_buffer [altera_up_avalon_sram 13.0]
Progress: Parameterizing module pixel_buffer
Progress: Adding buffer_dma [altera_up_avalon_video_pixel_buffer_dma 13.0]
Progress: Parameterizing module buffer_dma
Progress: Adding RGB_resampler [altera_up_avalon_video_rgb_resampler 13.0]
Progress: Parameterizing module RGB_resampler
Progress: Adding scaler [altera_up_avalon_video_scaler 13.0]
Progress: Parameterizing module scaler
Progress: Adding dual_clock_video_FIFO [altera_up_avalon_video_dual_clock_buffer 13.0]
Progress: Parameterizing module dual_clock_video_FIFO
Progress: Adding VGA_Controller [altera_up_avalon_video_vga_controller 13.0]
Progress: Parameterizing module VGA_Controller
Progress: Adding pixel_drawer_0 [pixel_drawer 1.0]
Progress: Parameterizing module pixel_drawer_0
Progress: Adding video_character_buffer_with_dma_0 [altera_up_avalon_video_character_buffer_with_dma 13.0]
Progress: Parameterizing module video_character_buffer_with_dma_0
Progress: Adding video_alpha_blender_0 [altera_up_avalon_video_alpha_blender 13.0]
Progress: Parameterizing module video_alpha_blender_0
Progress: Adding switches [altera_avalon_pio 13.0.1.99.2]
Progress: Parameterizing module switches
Progress: Adding LEDs [altera_avalon_pio 13.0.1.99.2]
Progress: Parameterizing module LEDs
Progress: Adding timer_0 [altera_avalon_timer 13.0.1.99.2]
Progress: Parameterizing module timer_0
Progress: Adding parallel_port_0 [altera_up_avalon_parallel_port 13.0]
Progress: Parameterizing module parallel_port_0
Progress: Adding Altera_UP_SD_Card_Avalon_Interface_0 [Altera_UP_SD_Card_Avalon_Interface 13.0]
Progress: Parameterizing module Altera_UP_SD_Card_Avalon_Interface_0
Progress: Adding ps2_0 [altera_up_avalon_ps2 13.0]
Progress: Parameterizing module ps2_0
Progress: Adding audio_and_video_config_0 [altera_up_avalon_audio_and_video_config 13.0]
Progress: Parameterizing module audio_and_video_config_0
Progress: Adding audio_0 [altera_up_avalon_audio 13.0]
Progress: Parameterizing module audio_0
Progress: Building connections
Progress: Parameterizing connections
Progress: Validating
Progress: Done reading input file
Info: integrated_module1.RGB_resampler: RGB Resampling: 16 (bits) x 1 (planes) -> 10 (bits) x 3 (planes)
Info: integrated_module1.scaler: Change in Resolution: 320 x 240 -> 640 x 480
Info: integrated_module1.VGA_Controller: Video Output Stream: Format: 640 x 480 with Color: 10 (bits) x 3 (planes)
Info: integrated_module1.video_character_buffer_with_dma_0: Character Resolution: 80 x 60
Info: integrated_module1.switches: PIO inputs are not hardwired in test bench. Undefined values will be read from PIO inputs during simulation.
Info: integrated_module1: Generating integrated_module1 "integrated_module1" for QUARTUS_SYNTH
Info: pipeline_bridge_swap_transform: After transform: 23 modules, 102 connections
Info: No custom instruction connections, skipping transform 
Info: merlin_translator_transform: After transform: 44 modules, 186 connections
Info: merlin_domain_transform: After transform: 85 modules, 462 connections
Info: merlin_router_transform: After transform: 106 modules, 546 connections
Info: merlin_traffic_limiter_transform: After transform: 108 modules, 556 connections
Info: merlin_burst_transform: After transform: 111 modules, 568 connections
Info: reset_adaptation_transform: After transform: 114 modules, 446 connections
Info: merlin_network_to_switch_transform: After transform: 155 modules, 534 connections
Info: merlin_width_transform: After transform: 163 modules, 558 connections
Info: limiter_update_transform: After transform: 163 modules, 560 connections
Info: merlin_mm_transform: After transform: 163 modules, 560 connections
Info: merlin_interrupt_mapper_transform: After transform: 164 modules, 563 connections
Warning: integrated_module1: "No matching role found for rst_controller:reset_out:reset_req (reset_req)"
Warning: integrated_module1: "No matching role found for rst_controller:reset_out:reset_req (reset_req)"
Warning: integrated_module1: "No matching role found for rst_controller:reset_out:reset_req (reset_req)"
Warning: integrated_module1: "No matching role found for rst_controller:reset_out:reset_req (reset_req)"
Warning: integrated_module1: "No matching role found for rst_controller:reset_out:reset_req (reset_req)"
Warning: integrated_module1: "No matching role found for rst_controller:reset_out:reset_req (reset_req)"
Warning: integrated_module1: "No matching role found for rst_controller:reset_out:reset_req (reset_req)"
Warning: integrated_module1: "No matching role found for rst_controller:reset_out:reset_req (reset_req)"
Warning: integrated_module1: "No matching role found for rst_controller:reset_out:reset_req (reset_req)"
Warning: integrated_module1: "No matching role found for rst_controller:reset_out:reset_req (reset_req)"
Warning: integrated_module1: "No matching role found for rst_controller:reset_out:reset_req (reset_req)"
Warning: integrated_module1: "No matching role found for rst_controller:reset_out:reset_req (reset_req)"
Warning: integrated_module1: "No matching role found for rst_controller:reset_out:reset_req (reset_req)"
Warning: integrated_module1: "No matching role found for rst_controller:reset_out:reset_req (reset_req)"
Warning: integrated_module1: "No matching role found for rst_controller:reset_out:reset_req (reset_req)"
Warning: integrated_module1: "No matching role found for rst_controller:reset_out:reset_req (reset_req)"
Warning: integrated_module1: "No matching role found for rst_controller:reset_out:reset_req (reset_req)"
Warning: integrated_module1: "No matching role found for rst_controller:reset_out:reset_req (reset_req)"
Warning: integrated_module1: "No matching role found for rst_controller:reset_out:reset_req (reset_req)"
Warning: integrated_module1: "No matching role found for rst_controller:reset_out:reset_req (reset_req)"
Warning: integrated_module1: "No matching role found for rst_controller:reset_out:reset_req (reset_req)"
Warning: integrated_module1: "No matching role found for rst_controller:reset_out:reset_req (reset_req)"
Warning: integrated_module1: "No matching role found for rst_controller:reset_out:reset_req (reset_req)"
Warning: integrated_module1: "No matching role found for rst_controller:reset_out:reset_req (reset_req)"
Warning: integrated_module1: "No matching role found for rst_controller:reset_out:reset_req (reset_req)"
Warning: integrated_module1: "No matching role found for rst_controller:reset_out:reset_req (reset_req)"
Warning: integrated_module1: "No matching role found for rst_controller:reset_out:reset_req (reset_req)"
Warning: integrated_module1: "No matching role found for rst_controller:reset_out:reset_req (reset_req)"
Warning: integrated_module1: "No matching role found for rst_controller:reset_out:reset_req (reset_req)"
Warning: integrated_module1: "No matching role found for rst_controller:reset_out:reset_req (reset_req)"
Warning: integrated_module1: "No matching role found for rst_controller:reset_out:reset_req (reset_req)"
Warning: integrated_module1: "No matching role found for rst_controller:reset_out:reset_req (reset_req)"
Warning: integrated_module1: "No matching role found for rst_controller:reset_out:reset_req (reset_req)"
Warning: integrated_module1: "No matching role found for rst_controller:reset_out:reset_req (reset_req)"
Warning: integrated_module1: "No matching role found for rst_controller:reset_out:reset_req (reset_req)"
Warning: integrated_module1: "No matching role found for rst_controller:reset_out:reset_req (reset_req)"
Warning: integrated_module1: "No matching role found for rst_controller:reset_out:reset_req (reset_req)"
Warning: integrated_module1: "No matching role found for rst_controller:reset_out:reset_req (reset_req)"
Warning: integrated_module1: "No matching role found for rst_controller:reset_out:reset_req (reset_req)"
Warning: integrated_module1: "No matching role found for rst_controller:reset_out:reset_req (reset_req)"
Warning: integrated_module1: "No matching role found for rst_controller:reset_out:reset_req (reset_req)"
Warning: integrated_module1: "No matching role found for rst_controller:reset_out:reset_req (reset_req)"
Warning: integrated_module1: "No matching role found for rst_controller:reset_out:reset_req (reset_req)"
Warning: integrated_module1: "No matching role found for rst_controller:reset_out:reset_req (reset_req)"
Warning: integrated_module1: "No matching role found for rst_controller:reset_out:reset_req (reset_req)"
Warning: integrated_module1: "No matching role found for rst_controller:reset_out:reset_req (reset_req)"
Warning: integrated_module1: "No matching role found for rst_controller:reset_out:reset_req (reset_req)"
Warning: integrated_module1: "No matching role found for rst_controller:reset_out:reset_req (reset_req)"
Warning: integrated_module1: "No matching role found for rst_controller:reset_out:reset_req (reset_req)"
Warning: integrated_module1: "No matching role found for rst_controller:reset_out:reset_req (reset_req)"
Warning: integrated_module1: "No matching role found for rst_controller:reset_out:reset_req (reset_req)"
Warning: integrated_module1: "No matching role found for rst_controller:reset_out:reset_req (reset_req)"
Warning: integrated_module1: "No matching role found for rst_controller:reset_out:reset_req (reset_req)"
Warning: integrated_module1: "No matching role found for rst_controller:reset_out:reset_req (reset_req)"
Warning: integrated_module1: "No matching role found for rst_controller:reset_out:reset_req (reset_req)"
Warning: integrated_module1: "No matching role found for rst_controller:reset_out:reset_req (reset_req)"
Warning: integrated_module1: "No matching role found for rst_controller:reset_out:reset_req (reset_req)"
Warning: integrated_module1: "No matching role found for rst_controller:reset_out:reset_req (reset_req)"
Warning: integrated_module1: "No matching role found for rst_controller:reset_out:reset_req (reset_req)"
Warning: integrated_module1: "No matching role found for rst_controller:reset_out:reset_req (reset_req)"
Warning: integrated_module1: "No matching role found for rst_controller:reset_out:reset_req (reset_req)"
Warning: integrated_module1: "No matching role found for rst_controller:reset_out:reset_req (reset_req)"
Warning: integrated_module1: "No matching role found for rst_controller:reset_out:reset_req (reset_req)"
Warning: integrated_module1: "No matching role found for rst_controller:reset_out:reset_req (reset_req)"
Warning: integrated_module1: "No matching role found for rst_controller:reset_out:reset_req (reset_req)"
Warning: integrated_module1: "No matching role found for rst_controller:reset_out:reset_req (reset_req)"
Warning: integrated_module1: "No matching role found for rst_controller:reset_out:reset_req (reset_req)"
Warning: integrated_module1: "No matching role found for rst_controller:reset_out:reset_req (reset_req)"
Warning: integrated_module1: "No matching role found for rst_controller:reset_out:reset_req (reset_req)"
Warning: integrated_module1: "No matching role found for rst_controller:reset_out:reset_req (reset_req)"
Warning: integrated_module1: "No matching role found for rst_controller:reset_out:reset_req (reset_req)"
Warning: integrated_module1: "No matching role found for rst_controller:reset_out:reset_req (reset_req)"
Warning: integrated_module1: "No matching role found for rst_controller:reset_out:reset_req (reset_req)"
Warning: integrated_module1: "No matching role found for rst_controller:reset_out:reset_req (reset_req)"
Warning: integrated_module1: "No matching role found for rst_controller:reset_out:reset_req (reset_req)"
Warning: integrated_module1: "No matching role found for rst_controller:reset_out:reset_req (reset_req)"
Warning: integrated_module1: "No matching role found for rst_controller:reset_out:reset_req (reset_req)"
Warning: integrated_module1: "No matching role found for rst_controller:reset_out:reset_req (reset_req)"
Warning: integrated_module1: "No matching role found for rst_controller:reset_out:reset_req (reset_req)"
Warning: integrated_module1: "No matching role found for rst_controller:reset_out:reset_req (reset_req)"
Warning: integrated_module1: "No matching role found for rst_controller:reset_out:reset_req (reset_req)"
Warning: integrated_module1: "No matching role found for rst_controller:reset_out:reset_req (reset_req)"
Warning: integrated_module1: "No matching role found for rst_controller:reset_out:reset_req (reset_req)"
Warning: integrated_module1: "No matching role found for rst_controller:reset_out:reset_req (reset_req)"
Warning: integrated_module1: "No matching role found for rst_controller:reset_out:reset_req (reset_req)"
Warning: integrated_module1: "No matching role found for rst_controller:reset_out:reset_req (reset_req)"
Warning: integrated_module1: "No matching role found for rst_controller:reset_out:reset_req (reset_req)"
Warning: integrated_module1: "No matching role found for rst_controller:reset_out:reset_req (reset_req)"
Warning: integrated_module1: "No matching role found for rst_controller:reset_out:reset_req (reset_req)"
Warning: integrated_module1: "No matching role found for rst_controller:reset_out:reset_req (reset_req)"
Warning: integrated_module1: "No matching role found for rst_controller:reset_out:reset_req (reset_req)"
Warning: integrated_module1: "No matching role found for rst_controller:reset_out:reset_req (reset_req)"
Warning: integrated_module1: "No matching role found for rst_controller:reset_out:reset_req (reset_req)"
Warning: integrated_module1: "No matching role found for rst_controller:reset_out:reset_req (reset_req)"
Warning: integrated_module1: "No matching role found for rst_controller:reset_out:reset_req (reset_req)"
Warning: integrated_module1: "No matching role found for rst_controller:reset_out:reset_req (reset_req)"
Warning: integrated_module1: "No matching role found for rst_controller:reset_out:reset_req (reset_req)"
Warning: integrated_module1: "No matching role found for rst_controller:reset_out:reset_req (reset_req)"
Warning: integrated_module1: "No matching role found for rst_controller:reset_out:reset_req (reset_req)"
Warning: integrated_module1: "No matching role found for rst_controller:reset_out:reset_req (reset_req)"
Warning: integrated_module1: "No matching role found for rst_controller:reset_out:reset_req (reset_req)"
Warning: integrated_module1: "No matching role found for rst_controller:reset_out:reset_req (reset_req)"
Warning: integrated_module1: "No matching role found for rst_controller:reset_out:reset_req (reset_req)"
Warning: integrated_module1: "No matching role found for rst_controller:reset_out:reset_req (reset_req)"
Warning: integrated_module1: "No matching role found for rst_controller:reset_out:reset_req (reset_req)"
Warning: integrated_module1: "No matching role found for rst_controller:reset_out:reset_req (reset_req)"
Warning: integrated_module1: "No matching role found for rst_controller:reset_out:reset_req (reset_req)"
Warning: integrated_module1: "No matching role found for rst_controller:reset_out:reset_req (reset_req)"
Warning: integrated_module1: "No matching role found for rst_controller:reset_out:reset_req (reset_req)"
Warning: integrated_module1: "No matching role found for rst_controller:reset_out:reset_req (reset_req)"
Warning: integrated_module1: "No matching role found for rst_controller:reset_out:reset_req (reset_req)"
Warning: integrated_module1: "No matching role found for rst_controller:reset_out:reset_req (reset_req)"
Warning: integrated_module1: "No matching role found for rst_controller:reset_out:reset_req (reset_req)"
Warning: integrated_module1: "No matching role found for rst_controller:reset_out:reset_req (reset_req)"
Warning: integrated_module1: "No matching role found for rst_controller:reset_out:reset_req (reset_req)"
Warning: integrated_module1: "No matching role found for rst_controller:reset_out:reset_req (reset_req)"
Warning: integrated_module1: "No matching role found for rst_controller:reset_out:reset_req (reset_req)"
Warning: integrated_module1: "No matching role found for rst_controller:reset_out:reset_req (reset_req)"
Warning: integrated_module1: "No matching role found for rst_controller:reset_out:reset_req (reset_req)"
Warning: integrated_module1: "No matching role found for rst_controller:reset_out:reset_req (reset_req)"
Warning: integrated_module1: "No matching role found for rst_controller:reset_out:reset_req (reset_req)"
Warning: integrated_module1: "No matching role found for rst_controller:reset_out:reset_req (reset_req)"
Warning: integrated_module1: "No matching role found for rst_controller:reset_out:reset_req (reset_req)"
Warning: integrated_module1: "No matching role found for rst_controller:reset_out:reset_req (reset_req)"
Warning: integrated_module1: "No matching role found for rst_controller:reset_out:reset_req (reset_req)"
Warning: integrated_module1: "No matching role found for rst_controller:reset_out:reset_req (reset_req)"
Warning: integrated_module1: "No matching role found for rst_controller:reset_out:reset_req (reset_req)"
Warning: integrated_module1: "No matching role found for rst_controller:reset_out:reset_req (reset_req)"
Warning: integrated_module1: "No matching role found for rst_controller:reset_out:reset_req (reset_req)"
Warning: integrated_module1: "No matching role found for rst_controller:reset_out:reset_req (reset_req)"
Warning: integrated_module1: "No matching role found for rst_controller:reset_out:reset_req (reset_req)"
Warning: integrated_module1: "No matching role found for rst_controller:reset_out:reset_req (reset_req)"
Warning: integrated_module1: "No matching role found for rst_controller:reset_out:reset_req (reset_req)"
Warning: integrated_module1: "No matching role found for rst_controller:reset_out:reset_req (reset_req)"
Warning: integrated_module1: "No matching role found for rst_controller:reset_out:reset_req (reset_req)"
Warning: integrated_module1: "No matching role found for rst_controller:reset_out:reset_req (reset_req)"
Warning: integrated_module1: "No matching role found for rst_controller:reset_out:reset_req (reset_req)"
Warning: integrated_module1: "No matching role found for rst_controller:reset_out:reset_req (reset_req)"
Warning: integrated_module1: "No matching role found for rst_controller:reset_out:reset_req (reset_req)"
Warning: integrated_module1: "No matching role found for rst_controller:reset_out:reset_req (reset_req)"
Warning: integrated_module1: "No matching role found for rst_controller:reset_out:reset_req (reset_req)"
Warning: integrated_module1: "No matching role found for rst_controller:reset_out:reset_req (reset_req)"
Warning: integrated_module1: "No matching role found for rst_controller:reset_out:reset_req (reset_req)"
Warning: integrated_module1: "No matching role found for rst_controller:reset_out:reset_req (reset_req)"
Warning: integrated_module1: "No matching role found for rst_controller:reset_out:reset_req (reset_req)"
Warning: integrated_module1: "No matching role found for rst_controller:reset_out:reset_req (reset_req)"
Warning: integrated_module1: "No matching role found for rst_controller:reset_out:reset_req (reset_req)"
Warning: integrated_module1: "No matching role found for rst_controller:reset_out:reset_req (reset_req)"
Warning: integrated_module1: "No matching role found for rst_controller:reset_out:reset_req (reset_req)"
Warning: integrated_module1: "No matching role found for rst_controller:reset_out:reset_req (reset_req)"
Warning: integrated_module1: "No matching role found for rst_controller:reset_out:reset_req (reset_req)"
Warning: integrated_module1: "No matching role found for rst_controller:reset_out:reset_req (reset_req)"
Warning: integrated_module1: "No matching role found for rst_controller:reset_out:reset_req (reset_req)"
Warning: integrated_module1: "No matching role found for rst_controller:reset_out:reset_req (reset_req)"
Warning: integrated_module1: "No matching role found for rst_controller:reset_out:reset_req (reset_req)"
Warning: integrated_module1: "No matching role found for rst_controller:reset_out:reset_req (reset_req)"
Warning: integrated_module1: "No matching role found for rst_controller:reset_out:reset_req (reset_req)"
Info: nios2_qsys_0: Starting RTL generation for module 'integrated_module1_nios2_qsys_0'
Info: nios2_qsys_0:   Generation command is [exec C:/altera/13.0sp1free/quartus/../ip/altera/nios2_ip/altera_nios2/eperl.exe -I C:/altera/13.0sp1free/quartus/common/ip/altera/common/perl/5.8.3 -I C:/altera/13.0sp1free/quartus/sopc_builder/bin/europa -I C:/altera/13.0sp1free/quartus/sopc_builder/bin/perl_lib -I C:/altera/13.0sp1free/quartus/sopc_builder/bin -I C:/altera/13.0sp1free/quartus/../ip/altera/nios2_ip/altera_nios2/cpu_lib -I C:/altera/13.0sp1free/quartus/../ip/altera/nios2_ip/altera_nios2/nios_lib -I C:/altera/13.0sp1free/quartus/../ip/altera/nios2_ip/altera_nios2 -I C:/altera/13.0sp1free/quartus/../ip/altera/nios2_ip/altera_nios2 -- C:/altera/13.0sp1free/quartus/../ip/altera/nios2_ip/altera_nios2/generate_rtl.epl --name=integrated_module1_nios2_qsys_0 --dir=C:/Users/KAIBOM~1/AppData/Local/Temp/alt6359_1978421872015570696.dir/0003_nios2_qsys_0_gen/ --quartus_dir=C:/altera/13.0sp1free/quartus --verilog --config=C:/Users/KAIBOM~1/AppData/Local/Temp/alt6359_1978421872015570696.dir/0003_nios2_qsys_0_gen//integrated_module1_nios2_qsys_0_processor_configuration.pl  --do_build_sim=0    --bogus  ]
Info: nios2_qsys_0: # 2014.10.15 19:17:16 (*) Starting Nios II generation
Info: nios2_qsys_0: # 2014.10.15 19:17:16 (*)   Checking for plaintext license.
Info: nios2_qsys_0: # 2014.10.15 19:17:17 (*)   Couldn't query license setup in Quartus directory C:/altera/13.0sp1free/quartus
Info: nios2_qsys_0: # 2014.10.15 19:17:17 (*)   Defaulting to contents of LM_LICENSE_FILE environment variable
Info: nios2_qsys_0: # 2014.10.15 19:17:17 (*)   LM_LICENSE_FILE environment variable is empty
Info: nios2_qsys_0: # 2014.10.15 19:17:17 (*)   Plaintext license not found.
Info: nios2_qsys_0: # 2014.10.15 19:17:17 (*)   Checking for encrypted license (non-evaluation).
Info: nios2_qsys_0: # 2014.10.15 19:17:17 (*)   Couldn't query license setup in Quartus directory C:/altera/13.0sp1free/quartus
Info: nios2_qsys_0: # 2014.10.15 19:17:17 (*)   Defaulting to contents of LM_LICENSE_FILE environment variable
Info: nios2_qsys_0: # 2014.10.15 19:17:17 (*)   LM_LICENSE_FILE environment variable is empty
Info: nios2_qsys_0: # 2014.10.15 19:17:17 (*)   Encrypted license not found.  Defaulting to OCP evaluation license (produces a time-limited SOF)
Info: nios2_qsys_0: # 2014.10.15 19:17:17 (*)   Elaborating CPU configuration settings
Info: nios2_qsys_0: # 2014.10.15 19:17:17 (*)   Creating all objects for CPU
Info: nios2_qsys_0: # 2014.10.15 19:17:17 (*)     Testbench
Info: nios2_qsys_0: # 2014.10.15 19:17:17 (*)     Instruction decoding
Info: nios2_qsys_0: # 2014.10.15 19:17:17 (*)       Instruction fields
Info: nios2_qsys_0: # 2014.10.15 19:17:18 (*)       Instruction decodes
Info: nios2_qsys_0: # 2014.10.15 19:17:19 (*)       Signals for RTL simulation waveforms
Info: nios2_qsys_0: # 2014.10.15 19:17:19 (*)       Instruction controls
Info: nios2_qsys_0: # 2014.10.15 19:17:19 (*)     Pipeline frontend
Info: nios2_qsys_0: # 2014.10.15 19:17:19 (*)     Pipeline backend
Info: nios2_qsys_0: # 2014.10.15 19:17:22 (*)   Generating RTL from CPU objects
Info: nios2_qsys_0: # 2014.10.15 19:17:27 (*)   Creating encrypted RTL
Info: nios2_qsys_0: # 2014.10.15 19:17:28 (*) Done Nios II generation
Info: nios2_qsys_0: Done RTL generation for module 'integrated_module1_nios2_qsys_0'
Info: nios2_qsys_0: "integrated_module1" instantiated altera_nios2_qsys "nios2_qsys_0"
Info: onchip_memory2_0: Starting RTL generation for module 'integrated_module1_onchip_memory2_0'
Info: onchip_memory2_0:   Generation command is [exec C:/altera/13.0sp1free/quartus/bin/perl/bin/perl.exe -I C:/altera/13.0sp1free/quartus/common/ip/altera/common/perl/5.8.3 -I C:/altera/13.0sp1free/quartus/sopc_builder/bin/europa -I C:/altera/13.0sp1free/quartus/sopc_builder/bin/perl_lib -I C:/altera/13.0sp1free/quartus/sopc_builder/bin -I C:/altera/13.0sp1free/quartus/../ip/altera/sopc_builder_ip/common -I C:/altera/13.0sp1free/quartus/../ip/altera/sopc_builder_ip/altera_avalon_onchip_memory2 -- C:/altera/13.0sp1free/quartus/../ip/altera/sopc_builder_ip/altera_avalon_onchip_memory2/generate_rtl.pl --name=integrated_module1_onchip_memory2_0 --dir=C:/Users/KAIBOM~1/AppData/Local/Temp/alt6359_1978421872015570696.dir/0004_onchip_memory2_0_gen/ --quartus_dir=C:/altera/13.0sp1free/quartus --verilog --config=C:/Users/KAIBOM~1/AppData/Local/Temp/alt6359_1978421872015570696.dir/0004_onchip_memory2_0_gen//integrated_module1_onchip_memory2_0_component_configuration.pl  --do_build_sim=0  ]
Info: onchip_memory2_0: Done RTL generation for module 'integrated_module1_onchip_memory2_0'
Info: onchip_memory2_0: "integrated_module1" instantiated altera_avalon_onchip_memory2 "onchip_memory2_0"
Info: jtag_uart_0: Starting RTL generation for module 'integrated_module1_jtag_uart_0'
Info: jtag_uart_0:   Generation command is [exec C:/altera/13.0sp1free/quartus/bin/perl/bin/perl.exe -I C:/altera/13.0sp1free/quartus/common/ip/altera/common/perl/5.8.3 -I C:/altera/13.0sp1free/quartus/sopc_builder/bin/europa -I C:/altera/13.0sp1free/quartus/sopc_builder/bin/perl_lib -I C:/altera/13.0sp1free/quartus/sopc_builder/bin -I C:/altera/13.0sp1free/quartus/../ip/altera/sopc_builder_ip/common -I C:/altera/13.0sp1free/quartus/../ip/altera/sopc_builder_ip/altera_avalon_jtag_uart -- C:/altera/13.0sp1free/quartus/../ip/altera/sopc_builder_ip/altera_avalon_jtag_uart/generate_rtl.pl --name=integrated_module1_jtag_uart_0 --dir=C:/Users/KAIBOM~1/AppData/Local/Temp/alt6359_1978421872015570696.dir/0005_jtag_uart_0_gen/ --quartus_dir=C:/altera/13.0sp1free/quartus --verilog --config=C:/Users/KAIBOM~1/AppData/Local/Temp/alt6359_1978421872015570696.dir/0005_jtag_uart_0_gen//integrated_module1_jtag_uart_0_component_configuration.pl  --do_build_sim=0  ]
Info: jtag_uart_0: Done RTL generation for module 'integrated_module1_jtag_uart_0'
Info: jtag_uart_0: "integrated_module1" instantiated altera_avalon_jtag_uart "jtag_uart_0"
Info: sdram: Starting RTL generation for module 'integrated_module1_sdram'
Info: sdram:   Generation command is [exec C:/altera/13.0sp1free/quartus/bin/perl/bin/perl.exe -I C:/altera/13.0sp1free/quartus/common/ip/altera/common/perl/5.8.3 -I C:/altera/13.0sp1free/quartus/sopc_builder/bin/europa -I C:/altera/13.0sp1free/quartus/sopc_builder/bin/perl_lib -I C:/altera/13.0sp1free/quartus/sopc_builder/bin -I C:/altera/13.0sp1free/quartus/../ip/altera/sopc_builder_ip/common -I C:/altera/13.0sp1free/quartus/../ip/altera/sopc_builder_ip/altera_avalon_new_sdram_controller -- C:/altera/13.0sp1free/quartus/../ip/altera/sopc_builder_ip/altera_avalon_new_sdram_controller/generate_rtl.pl --name=integrated_module1_sdram --dir=C:/Users/KAIBOM~1/AppData/Local/Temp/alt6359_1978421872015570696.dir/0006_sdram_gen/ --quartus_dir=C:/altera/13.0sp1free/quartus --verilog --config=C:/Users/KAIBOM~1/AppData/Local/Temp/alt6359_1978421872015570696.dir/0006_sdram_gen//integrated_module1_sdram_component_configuration.pl  --do_build_sim=0  ]
Info: sdram: Done RTL generation for module 'integrated_module1_sdram'
Info: sdram: "integrated_module1" instantiated altera_avalon_new_sdram_controller "sdram"
Info: clocks: Starting Generation of Required Clocks for DE-Series Boards
Info: clocks: "integrated_module1" instantiated altera_up_clocks "clocks"
Info: pixel_buffer: Starting Generation of SRAM or SSRAM Controller
Info: pixel_buffer: "integrated_module1" instantiated altera_up_avalon_sram "pixel_buffer"
Info: buffer_dma: Starting Generation of VGA Pixel Buffer
Info: buffer_dma: "integrated_module1" instantiated altera_up_avalon_video_pixel_buffer_dma "buffer_dma"
Info: RGB_resampler: Starting Generation of Video RGB Resampler
Info: RGB_resampler: "integrated_module1" instantiated altera_up_avalon_video_rgb_resampler "RGB_resampler"
Info: scaler: Starting Generation of Video Scaler
Info: scaler: "integrated_module1" instantiated altera_up_avalon_video_scaler "scaler"
Info: dual_clock_video_FIFO: Starting Generation of the Dual Clock Buffer
Info: dual_clock_video_FIFO: "integrated_module1" instantiated altera_up_avalon_video_dual_clock_buffer "dual_clock_video_FIFO"
Info: VGA_Controller: Starting Generation of VGA Controller
Info: VGA_Controller: "integrated_module1" instantiated altera_up_avalon_video_vga_controller "VGA_Controller"
Info: pixel_drawer_0: "integrated_module1" instantiated pixel_drawer "pixel_drawer_0"
Info: video_character_buffer_with_dma_0: Starting Generation of Character Buffer
Info: video_character_buffer_with_dma_0: "integrated_module1" instantiated altera_up_avalon_video_character_buffer_with_dma "video_character_buffer_with_dma_0"
Info: video_alpha_blender_0: Starting Generation of the Alpha Blender
Info: video_alpha_blender_0: "integrated_module1" instantiated altera_up_avalon_video_alpha_blender "video_alpha_blender_0"
Info: switches: Starting RTL generation for module 'integrated_module1_switches'
Info: switches:   Generation command is [exec C:/altera/13.0sp1free/quartus/bin/perl/bin/perl.exe -I C:/altera/13.0sp1free/quartus/common/ip/altera/common/perl/5.8.3 -I C:/altera/13.0sp1free/quartus/sopc_builder/bin/europa -I C:/altera/13.0sp1free/quartus/sopc_builder/bin/perl_lib -I C:/altera/13.0sp1free/quartus/sopc_builder/bin -I C:/altera/13.0sp1free/quartus/../ip/altera/sopc_builder_ip/common -I C:/altera/13.0sp1free/quartus/../ip/altera/sopc_builder_ip/altera_avalon_pio -- C:/altera/13.0sp1free/quartus/../ip/altera/sopc_builder_ip/altera_avalon_pio/generate_rtl.pl --name=integrated_module1_switches --dir=C:/Users/KAIBOM~1/AppData/Local/Temp/alt6359_1978421872015570696.dir/0017_switches_gen/ --quartus_dir=C:/altera/13.0sp1free/quartus --verilog --config=C:/Users/KAIBOM~1/AppData/Local/Temp/alt6359_1978421872015570696.dir/0017_switches_gen//integrated_module1_switches_component_configuration.pl  --do_build_sim=0  ]
Info: switches: Done RTL generation for module 'integrated_module1_switches'
Info: switches: "integrated_module1" instantiated altera_avalon_pio "switches"
Info: LEDs: Starting RTL generation for module 'integrated_module1_LEDs'
Info: LEDs:   Generation command is [exec C:/altera/13.0sp1free/quartus/bin/perl/bin/perl.exe -I C:/altera/13.0sp1free/quartus/common/ip/altera/common/perl/5.8.3 -I C:/altera/13.0sp1free/quartus/sopc_builder/bin/europa -I C:/altera/13.0sp1free/quartus/sopc_builder/bin/perl_lib -I C:/altera/13.0sp1free/quartus/sopc_builder/bin -I C:/altera/13.0sp1free/quartus/../ip/altera/sopc_builder_ip/common -I C:/altera/13.0sp1free/quartus/../ip/altera/sopc_builder_ip/altera_avalon_pio -- C:/altera/13.0sp1free/quartus/../ip/altera/sopc_builder_ip/altera_avalon_pio/generate_rtl.pl --name=integrated_module1_LEDs --dir=C:/Users/KAIBOM~1/AppData/Local/Temp/alt6359_1978421872015570696.dir/0018_LEDs_gen/ --quartus_dir=C:/altera/13.0sp1free/quartus --verilog --config=C:/Users/KAIBOM~1/AppData/Local/Temp/alt6359_1978421872015570696.dir/0018_LEDs_gen//integrated_module1_LEDs_component_configuration.pl  --do_build_sim=0  ]
Info: LEDs: Done RTL generation for module 'integrated_module1_LEDs'
Info: LEDs: "integrated_module1" instantiated altera_avalon_pio "LEDs"
Info: timer_0: Starting RTL generation for module 'integrated_module1_timer_0'
Info: timer_0:   Generation command is [exec C:/altera/13.0sp1free/quartus/bin/perl/bin/perl.exe -I C:/altera/13.0sp1free/quartus/common/ip/altera/common/perl/5.8.3 -I C:/altera/13.0sp1free/quartus/sopc_builder/bin/europa -I C:/altera/13.0sp1free/quartus/sopc_builder/bin/perl_lib -I C:/altera/13.0sp1free/quartus/sopc_builder/bin -I C:/altera/13.0sp1free/quartus/../ip/altera/sopc_builder_ip/common -I C:/altera/13.0sp1free/quartus/../ip/altera/sopc_builder_ip/altera_avalon_timer -- C:/altera/13.0sp1free/quartus/../ip/altera/sopc_builder_ip/altera_avalon_timer/generate_rtl.pl --name=integrated_module1_timer_0 --dir=C:/Users/KAIBOM~1/AppData/Local/Temp/alt6359_1978421872015570696.dir/0019_timer_0_gen/ --quartus_dir=C:/altera/13.0sp1free/quartus --verilog --config=C:/Users/KAIBOM~1/AppData/Local/Temp/alt6359_1978421872015570696.dir/0019_timer_0_gen//integrated_module1_timer_0_component_configuration.pl  --do_build_sim=0  ]
Info: timer_0: Done RTL generation for module 'integrated_module1_timer_0'
Info: timer_0: "integrated_module1" instantiated altera_avalon_timer "timer_0"
Info: parallel_port_0: Starting Generation of Parallel Port
Info: parallel_port_0: "integrated_module1" instantiated altera_up_avalon_parallel_port "parallel_port_0"
Info: Altera_UP_SD_Card_Avalon_Interface_0: "integrated_module1" instantiated Altera_UP_SD_Card_Avalon_Interface "Altera_UP_SD_Card_Avalon_Interface_0"
Info: ps2_0: Starting Generation of PS2 Controller
Info: ps2_0: "integrated_module1" instantiated altera_up_avalon_ps2 "ps2_0"
Info: audio_and_video_config_0: Starting Generation of Audio and Video Config
Info: audio_and_video_config_0: "integrated_module1" instantiated altera_up_avalon_audio_and_video_config "audio_and_video_config_0"
Info: audio_0: Starting Generation of Audio Controller
Info: audio_0: "integrated_module1" instantiated altera_up_avalon_audio "audio_0"
Info: nios2_qsys_0_instruction_master_translator: "integrated_module1" instantiated altera_merlin_master_translator "nios2_qsys_0_instruction_master_translator"
Info: nios2_qsys_0_jtag_debug_module_translator: "integrated_module1" instantiated altera_merlin_slave_translator "nios2_qsys_0_jtag_debug_module_translator"
Info: nios2_qsys_0_instruction_master_translator_avalon_universal_master_0_agent: "integrated_module1" instantiated altera_merlin_master_agent "nios2_qsys_0_instruction_master_translator_avalon_universal_master_0_agent"
Info: nios2_qsys_0_jtag_debug_module_translator_avalon_universal_slave_0_agent: "integrated_module1" instantiated altera_merlin_slave_agent "nios2_qsys_0_jtag_debug_module_translator_avalon_universal_slave_0_agent"
Info: nios2_qsys_0_jtag_debug_module_translator_avalon_universal_slave_0_agent_rsp_fifo: "integrated_module1" instantiated altera_avalon_sc_fifo "nios2_qsys_0_jtag_debug_module_translator_avalon_universal_slave_0_agent_rsp_fifo"
Info: addr_router: "integrated_module1" instantiated altera_merlin_router "addr_router"
Info: addr_router_001: "integrated_module1" instantiated altera_merlin_router "addr_router_001"
Info: addr_router_002: "integrated_module1" instantiated altera_merlin_router "addr_router_002"
Info: id_router: "integrated_module1" instantiated altera_merlin_router "id_router"
Info: id_router_002: "integrated_module1" instantiated altera_merlin_router "id_router_002"
Info: id_router_004: "integrated_module1" instantiated altera_merlin_router "id_router_004"
Info: id_router_005: "integrated_module1" instantiated altera_merlin_router "id_router_005"
Info: id_router_008: "integrated_module1" instantiated altera_merlin_router "id_router_008"
Info: limiter: "integrated_module1" instantiated altera_merlin_traffic_limiter "limiter"
Info: burst_adapter: "integrated_module1" instantiated altera_merlin_burst_adapter "burst_adapter"
Info: rst_controller: "integrated_module1" instantiated altera_reset_controller "rst_controller"
Info: cmd_xbar_demux: "integrated_module1" instantiated altera_merlin_demultiplexer "cmd_xbar_demux"
Info: cmd_xbar_demux_001: "integrated_module1" instantiated altera_merlin_demultiplexer "cmd_xbar_demux_001"
Info: cmd_xbar_demux_002: "integrated_module1" instantiated altera_merlin_demultiplexer "cmd_xbar_demux_002"
Info: cmd_xbar_mux: "integrated_module1" instantiated altera_merlin_multiplexer "cmd_xbar_mux"
Info: cmd_xbar_mux_002: "integrated_module1" instantiated altera_merlin_multiplexer "cmd_xbar_mux_002"
Info: Reusing file C:/Users/Kaibo Ma/Documents/GitHub/EECE381Module1/module1_integration/integrated_module1/synthesis/submodules/altera_merlin_arbitrator.sv
Info: cmd_xbar_mux_005: "integrated_module1" instantiated altera_merlin_multiplexer "cmd_xbar_mux_005"
Info: Reusing file C:/Users/Kaibo Ma/Documents/GitHub/EECE381Module1/module1_integration/integrated_module1/synthesis/submodules/altera_merlin_arbitrator.sv
Info: rsp_xbar_demux: "integrated_module1" instantiated altera_merlin_demultiplexer "rsp_xbar_demux"
Info: rsp_xbar_demux_002: "integrated_module1" instantiated altera_merlin_demultiplexer "rsp_xbar_demux_002"
Info: rsp_xbar_demux_004: "integrated_module1" instantiated altera_merlin_demultiplexer "rsp_xbar_demux_004"
Info: rsp_xbar_demux_005: "integrated_module1" instantiated altera_merlin_demultiplexer "rsp_xbar_demux_005"
Info: rsp_xbar_demux_008: "integrated_module1" instantiated altera_merlin_demultiplexer "rsp_xbar_demux_008"
Info: rsp_xbar_mux: "integrated_module1" instantiated altera_merlin_multiplexer "rsp_xbar_mux"
Info: Reusing file C:/Users/Kaibo Ma/Documents/GitHub/EECE381Module1/module1_integration/integrated_module1/synthesis/submodules/altera_merlin_arbitrator.sv
Info: rsp_xbar_mux_001: "integrated_module1" instantiated altera_merlin_multiplexer "rsp_xbar_mux_001"
Info: Reusing file C:/Users/Kaibo Ma/Documents/GitHub/EECE381Module1/module1_integration/integrated_module1/synthesis/submodules/altera_merlin_arbitrator.sv
Info: width_adapter: "integrated_module1" instantiated altera_merlin_width_adapter "width_adapter"
Info: Reusing file C:/Users/Kaibo Ma/Documents/GitHub/EECE381Module1/module1_integration/integrated_module1/synthesis/submodules/altera_merlin_address_alignment.sv
Info: Reusing file C:/Users/Kaibo Ma/Documents/GitHub/EECE381Module1/module1_integration/integrated_module1/synthesis/submodules/altera_merlin_burst_uncompressor.sv
Info: irq_mapper: "integrated_module1" instantiated altera_irq_mapper "irq_mapper"
Info: integrated_module1: Done integrated_module1" with 54 modules, 254 files, 5101472 bytes
Info: ip-generate succeeded.
Info: Finished: Create HDL design files for synthesis
